<?xml version="1.0" encoding="UTF-8"?>
<testsuite errors="1" skipped="0" tests="1" time="0.001" failures="0" name="initializationError"><properties></properties><testcase classname="initializationError" time="0.001" name="initializationError"><failure type="java.lang.IllegalArgumentException" message="value for fitNesseRoot must be an existing directory"></failure></testcase></testsuite>