<?xml version="1.0" encoding="UTF-8"?>
<testsuite errors="0" skipped="0" tests="1" time="0.026" failures="0" name="HsacExamples.SlimTests.UtilityFixtures.GeneratedSymbolicLinkSuite.SuiteTearDown"><properties></properties><testcase classname="HsacExamples.SlimTests.UtilityFixtures.GeneratedSymbolicLinkSuite.SuiteTearDown" time="0.026" name="HsacExamples.SlimTests.UtilityFixtures.GeneratedSymbolicLinkSuite.SuiteTearDown"></testcase></testsuite>