<?xml version="1.0" encoding="UTF-8"?>
<testsuite errors="0" skipped="0" tests="1" time="0.191" failures="0" name="HsacExamples.SlimTests.UtilityFixtures.GeneratedSymbolicLinkSuite.SuiteSetUp"><properties></properties><testcase classname="HsacExamples.SlimTests.UtilityFixtures.GeneratedSymbolicLinkSuite.SuiteSetUp" time="0.191" name="HsacExamples.SlimTests.UtilityFixtures.GeneratedSymbolicLinkSuite.SuiteSetUp"></testcase></testsuite>