<?xml version="1.0" encoding="UTF-8"?>
<testsuite errors="0" skipped="0" tests="1" time="0.222" failures="0" name="HsacExamples.SlimTests.UtilityFixtures.GeneratedSymbolicLinkSuite.SuiteGenerator"><properties></properties><testcase classname="HsacExamples.SlimTests.UtilityFixtures.GeneratedSymbolicLinkSuite.SuiteGenerator" time="0.222" name="HsacExamples.SlimTests.UtilityFixtures.GeneratedSymbolicLinkSuite.SuiteGenerator"></testcase></testsuite>