<?xml version="1.0" encoding="UTF-8"?>
<testsuite errors="1" skipped="0" tests="1" time="0.0" failures="0" name="null"><properties></properties><testcase classname="null" time="0.0" name="null"><failure type="java.lang.NoClassDefFoundError" message="fitnesse/util/TimeMeasurement"></failure></testcase></testsuite>